<?xml version="1.0" encoding="UTF-8"?>
<!-- Generated by org.testng.reporters.JUnitXMLReporter -->
<testsuite ignored="0" hostname="DESKTOP-G00FLKF" failures="0" tests="6" name="Default test" time="0.088" errors="0" timestamp="2022-06-24T14:42:53 IST">
  <testcase classname="com.groups.Ravi" name="m1" time="0.014"/>
  <testcase classname="com.groups.Ravi" name="m2" time="0.002"/>
  <testcase classname="com.groups.Ravi" name="m3" time="0.002"/>
  <testcase classname="com.groups.Ravi" name="m4" time="0.002"/>
  <testcase classname="com.groups.Ravi" name="m5" time="0.002"/>
  <testcase classname="com.groups.Ravi" name="m6" time="0.002"/>
</testsuite> <!-- Default test -->
