<?xml version="1.0" encoding="UTF-8"?>
<!-- Generated by org.testng.reporters.JUnitXMLReporter -->
<testsuite hostname="DESKTOP-G00FLKF" ignored="5" name="Regression" tests="8" failures="0" timestamp="2022-05-20T15:22:43 IST" time="0.092" errors="0">
  <testcase name="m1" time="0.011" classname="com.groups.Ravi"/>
  <testcase name="m2" time="0.003" classname="com.groups.Ravi"/>
  <testcase name="m3" time="0.002" classname="com.groups.Ravi"/>
  <testcase name="s1" time="0.003" classname="com.groups.Shyam"/>
  <testcase name="s2" time="0.001" classname="com.groups.Shyam"/>
  <testcase name="k1" time="0.001" classname="com.groups.Kaustubh"/>
  <testcase name="k2" time="0.001" classname="com.groups.Kaustubh"/>
  <testcase name="k3" time="0.001" classname="com.groups.Kaustubh"/>
  <testcase name="s3" time="0.0" classname="com.groups.Shyam">
    <ignored/>
  </testcase> <!-- s3 -->
  <testcase name="m5" time="0.0" classname="com.groups.Ravi">
    <ignored/>
  </testcase> <!-- m5 -->
  <testcase name="m4" time="0.0" classname="com.groups.Ravi">
    <ignored/>
  </testcase> <!-- m4 -->
  <testcase name="m6" time="0.0" classname="com.groups.Ravi">
    <ignored/>
  </testcase> <!-- m6 -->
  <testcase name="k4" time="0.0" classname="com.groups.Kaustubh">
    <ignored/>
  </testcase> <!-- k4 -->
</testsuite> <!-- Regression -->
