<?xml version="1.0" encoding="UTF-8"?>
<testng-results ignored="0" total="6" passed="6" failed="0" skipped="0">
  <reporter-output>
  </reporter-output>
  <suite started-at="2022-06-24T14:42:53 IST" name="Default suite" finished-at="2022-06-24T14:42:53 IST" duration-ms="88">
    <groups>
      <group name="Regression">
        <method signature="Ravi.m1()[pri:0, instance:com.groups.Ravi@6e6f2380]" name="m1" class="com.groups.Ravi"/>
        <method signature="Ravi.m2()[pri:0, instance:com.groups.Ravi@6e6f2380]" name="m2" class="com.groups.Ravi"/>
        <method signature="Ravi.m3()[pri:0, instance:com.groups.Ravi@6e6f2380]" name="m3" class="com.groups.Ravi"/>
      </group> <!-- Regression -->
      <group name="Smoke">
        <method signature="Ravi.m2()[pri:0, instance:com.groups.Ravi@6e6f2380]" name="m2" class="com.groups.Ravi"/>
        <method signature="Ravi.m3()[pri:0, instance:com.groups.Ravi@6e6f2380]" name="m3" class="com.groups.Ravi"/>
        <method signature="Ravi.m4()[pri:0, instance:com.groups.Ravi@6e6f2380]" name="m4" class="com.groups.Ravi"/>
      </group> <!-- Smoke -->
    </groups>
    <test started-at="2022-06-24T14:42:53 IST" name="Default test" finished-at="2022-06-24T14:42:53 IST" duration-ms="88">
      <class name="com.groups.Ravi">
        <test-method signature="m1()[pri:0, instance:com.groups.Ravi@6e6f2380]" started-at="2022-06-24T14:42:53 IST" name="m1" finished-at="2022-06-24T14:42:53 IST" duration-ms="14" status="PASS">
          <reporter-output>
          </reporter-output>
        </test-method> <!-- m1 -->
        <test-method signature="m2()[pri:0, instance:com.groups.Ravi@6e6f2380]" started-at="2022-06-24T14:42:53 IST" name="m2" finished-at="2022-06-24T14:42:53 IST" duration-ms="2" status="PASS">
          <reporter-output>
          </reporter-output>
        </test-method> <!-- m2 -->
        <test-method signature="m3()[pri:0, instance:com.groups.Ravi@6e6f2380]" started-at="2022-06-24T14:42:53 IST" name="m3" finished-at="2022-06-24T14:42:53 IST" duration-ms="2" status="PASS">
          <reporter-output>
          </reporter-output>
        </test-method> <!-- m3 -->
        <test-method signature="m4()[pri:0, instance:com.groups.Ravi@6e6f2380]" started-at="2022-06-24T14:42:53 IST" name="m4" finished-at="2022-06-24T14:42:53 IST" duration-ms="2" status="PASS">
          <reporter-output>
          </reporter-output>
        </test-method> <!-- m4 -->
        <test-method signature="m5()[pri:0, instance:com.groups.Ravi@6e6f2380]" started-at="2022-06-24T14:42:53 IST" name="m5" finished-at="2022-06-24T14:42:53 IST" duration-ms="2" status="PASS">
          <reporter-output>
          </reporter-output>
        </test-method> <!-- m5 -->
        <test-method signature="m6()[pri:0, instance:com.groups.Ravi@6e6f2380]" started-at="2022-06-24T14:42:53 IST" name="m6" finished-at="2022-06-24T14:42:53 IST" duration-ms="2" status="PASS">
          <reporter-output>
          </reporter-output>
        </test-method> <!-- m6 -->
      </class> <!-- com.groups.Ravi -->
    </test> <!-- Default test -->
  </suite> <!-- Default suite -->
</testng-results>
