<?xml version="1.0" encoding="UTF-8"?>
<!-- Generated by org.testng.reporters.JUnitReportReporter -->
<testsuite skipped="0" hostname="DESKTOP-G00FLKF" name="com.TestingShastra.Assert1" tests="1" failures="0" timestamp="2022-05-20T11:08:27 IST" time="75.078" errors="1">
  <testcase name="testDemo" time="75.078" classname="com.TestingShastra.Assert1">
    <error type="io.github.bonigarcia.wdm.WebDriverManagerException" message="io.github.bonigarcia.wdm.WebDriverManagerException: chromedriver &lt;HTML&gt;&lt;HEAD&gt;
&lt;meta http-equiv=pragma content=nocache&gt;
&lt;META HTTP-EQUIV=Expires CONTENT=-1&gt;
&lt;SCRIPT&gt;
var url = new DOMParser().parseFromString(&#039;&lt;a&gt;&lt;/a&gt;&#039;, &#039;text/xml&#039;).documentElement.textContent;
	location.href=&#039;http://192.168.0.228:8090/httpclient.html&#039; + url;
                                                                                                                                                                                                                                                                
&lt;/SCRIPT&gt;
&lt;/HEAD&gt;&lt;BODY&gt;
&lt;/BODY&gt;
&lt;/HTML&gt;
 for WIN64 not found in http://npm.taobao.org/mirrors/chromedriver/">
      <![CDATA[io.github.bonigarcia.wdm.WebDriverManagerException: io.github.bonigarcia.wdm.WebDriverManagerException: chromedriver <HTML><HEAD>
<meta http-equiv=pragma content=nocache>
<META HTTP-EQUIV=Expires CONTENT=-1>
<SCRIPT>
var url = new DOMParser().parseFromString('<a></a>', 'text/xml').documentElement.textContent;
location.href='http://192.168.0.228:8090/httpclient.html' + url;
                                                                                                                                                                                                                                                                
</SCRIPT>
</HEAD><BODY>
</BODY>
</HTML>
 for WIN64 not found in http://npm.taobao.org/mirrors/chromedriver/
at io.github.bonigarcia.wdm.WebDriverManager.handleException(WebDriverManager.java:776)
at io.github.bonigarcia.wdm.WebDriverManager.manage(WebDriverManager.java:550)
at io.github.bonigarcia.wdm.WebDriverManager.handleException(WebDriverManager.java:773)
at io.github.bonigarcia.wdm.WebDriverManager.manage(WebDriverManager.java:550)
at io.github.bonigarcia.wdm.WebDriverManager.handleException(WebDriverManager.java:766)
at io.github.bonigarcia.wdm.WebDriverManager.manage(WebDriverManager.java:550)
at io.github.bonigarcia.wdm.WebDriverManager.setup(WebDriverManager.java:260)
at com.TestingShastra.Assert1.testDemo(Assert1.java:14)
at sun.reflect.NativeMethodAccessorImpl.invoke0(Native Method)
at sun.reflect.NativeMethodAccessorImpl.invoke(NativeMethodAccessorImpl.java:62)
at sun.reflect.DelegatingMethodAccessorImpl.invoke(DelegatingMethodAccessorImpl.java:43)
at java.lang.reflect.Method.invoke(Method.java:498)
at org.testng.internal.MethodInvocationHelper.invokeMethod(MethodInvocationHelper.java:134)
at org.testng.internal.TestInvoker.invokeMethod(TestInvoker.java:597)
at org.testng.internal.TestInvoker.invokeTestMethod(TestInvoker.java:173)
at org.testng.internal.MethodRunner.runInSequence(MethodRunner.java:46)
at org.testng.internal.TestInvoker$MethodInvocationAgent.invoke(TestInvoker.java:816)
at org.testng.internal.TestInvoker.invokeTestMethods(TestInvoker.java:146)
at org.testng.internal.TestMethodWorker.invokeTestMethods(TestMethodWorker.java:146)
at org.testng.internal.TestMethodWorker.run(TestMethodWorker.java:128)
at java.util.ArrayList.forEach(ArrayList.java:1259)
at org.testng.TestRunner.privateRun(TestRunner.java:766)
at org.testng.TestRunner.run(TestRunner.java:587)
at org.testng.SuiteRunner.runTest(SuiteRunner.java:384)
at org.testng.SuiteRunner.runSequentially(SuiteRunner.java:378)
at org.testng.SuiteRunner.privateRun(SuiteRunner.java:337)
at org.testng.SuiteRunner.run(SuiteRunner.java:286)
at org.testng.SuiteRunnerWorker.runSuite(SuiteRunnerWorker.java:53)
at org.testng.SuiteRunnerWorker.run(SuiteRunnerWorker.java:96)
at org.testng.TestNG.runSuitesSequentially(TestNG.java:1187)
at org.testng.TestNG.runSuitesLocally(TestNG.java:1109)
at org.testng.TestNG.runSuites(TestNG.java:1039)
at org.testng.TestNG.run(TestNG.java:1007)
at org.testng.remote.AbstractRemoteTestNG.run(AbstractRemoteTestNG.java:115)
at org.testng.remote.RemoteTestNG.initAndRun(RemoteTestNG.java:251)
at org.testng.remote.RemoteTestNG.main(RemoteTestNG.java:77)
Caused by: io.github.bonigarcia.wdm.WebDriverManagerException: chromedriver <HTML><HEAD>
<meta http-equiv=pragma content=nocache>
<META HTTP-EQUIV=Expires CONTENT=-1>
<SCRIPT>
var url = new DOMParser().parseFromString('<a></a>', 'text/xml').documentElement.textContent;
location.href='http://192.168.0.228:8090/httpclient.html' + url;
                                                                                                                                                                                                                                                                
</SCRIPT>
</HEAD><BODY>
</BODY>
</HTML>
 for WIN64 not found in http://npm.taobao.org/mirrors/chromedriver/
at io.github.bonigarcia.wdm.WebDriverManager.downloadAndExport(WebDriverManager.java:575)
at io.github.bonigarcia.wdm.WebDriverManager.manage(WebDriverManager.java:547)
... 34 more
]]>
    </error>
  </testcase> <!-- testDemo -->
  <system-out/>
</testsuite> <!-- com.TestingShastra.Assert1 -->
