<?xml version="1.0" encoding="UTF-8"?>
<!-- Generated by org.testng.reporters.JUnitXMLReporter -->
<testsuite ignored="5" hostname="DESKTOP-G00FLKF" failures="0" tests="8" name="GroupTest" time="0.098" errors="0" timestamp="2022-05-27T14:50:11 IST">
  <testcase classname="com.groups.Shyam" name="s1" time="0.01"/>
  <testcase classname="com.groups.Shyam" name="s2" time="0.002"/>
  <testcase classname="com.groups.Kaustubh" name="k1" time="0.001"/>
  <testcase classname="com.groups.Kaustubh" name="k2" time="0.002"/>
  <testcase classname="com.groups.Kaustubh" name="k3" time="0.001"/>
  <testcase classname="com.groups.Ravi" name="m1" time="0.003"/>
  <testcase classname="com.groups.Ravi" name="m2" time="0.003"/>
  <testcase classname="com.groups.Ravi" name="m3" time="0.002"/>
  <testcase classname="com.groups.Shyam" name="s3" time="0.0">
    <ignored/>
  </testcase> <!-- s3 -->
  <testcase classname="com.groups.Ravi" name="m5" time="0.0">
    <ignored/>
  </testcase> <!-- m5 -->
  <testcase classname="com.groups.Ravi" name="m4" time="0.0">
    <ignored/>
  </testcase> <!-- m4 -->
  <testcase classname="com.groups.Ravi" name="m6" time="0.0">
    <ignored/>
  </testcase> <!-- m6 -->
  <testcase classname="com.groups.Kaustubh" name="k4" time="0.0">
    <ignored/>
  </testcase> <!-- k4 -->
</testsuite> <!-- GroupTest -->
